  [4;36;1mSQL (0.1ms)[0m   [0;1mSET client_min_messages TO 'panic'[0m
  [4;35;1mSQL (0.1ms)[0m   [0mSET client_min_messages TO 'notice'[0m
  [4;36;1mSQL (7.3ms)[0m   [0;1mSELECT version FROM schema_migrations[0m
Migrating to CreateCompanies (20100303021950)
Migrating to AddTestData (20100303024542)
Migrating to CreateSessions (20100310024205)
Migrating to CreateUsers (20100311022224)
Migrating to CreateSites (20100317021114)
Migrating to AddAdminToUser (20100318023039)
Migrating to CreateOffices (20100319020156)
Migrating to CreateComputers (20100326022311)
  [4;35;1mSQL (0.1ms)[0m   [0mBEGIN[0m
  [4;36;1mSQL (313.8ms)[0m   [0;1mCREATE TABLE "computers" ("id" serial primary key, "manufacturer" character varying(40) NOT NULL, "model" character varying(40), "description" character varying(255), "type" character varying(20) NOT NULL, "serial_number" character varying(40), "cpu" character varying(20), "ram" character varying(10), "hdd" character varying(10), "optical" character varying(20), "os" character varying(20) NOT NULL, "service_tag" character varying(20), "purchase_date" date, "comments" text, "created_at" timestamp, "updated_at" timestamp) [0m
  [4;35;1mSQL (17.7ms)[0m   [0mINSERT INTO schema_migrations (version) VALUES ('20100326022311')[0m
  [4;36;1mSQL (21.5ms)[0m   [0;1mCOMMIT[0m
  [4;35;1mSQL (0.1ms)[0m   [0mSELECT version FROM schema_migrations[0m
  [4;36;1mSQL (0.1ms)[0m   [0;1mSET client_min_messages TO 'panic'[0m
  [4;35;1mSQL (0.1ms)[0m   [0mSET client_min_messages TO 'notice'[0m


Processing ComputersController#index (for 127.0.0.1 at 2010-03-25 22:47:55) [GET]
  [4;36;1mUser Load (0.3ms)[0m   [0;1mSELECT * FROM "users" WHERE ("users"."id" = 1) LIMIT 1[0m
  [4;35;1mComputer Load (0.5ms)[0m   [0mSELECT * FROM "computers" [0m
Rendering template within layouts/computers
Rendering computers/index
Completed in 57ms (View: 41, DB: 3) | 200 OK [http://localhost/computers]
  [4;36;1mSQL (0.1ms)[0m   [0;1mSET client_min_messages TO 'panic'[0m
  [4;35;1mSQL (0.0ms)[0m   [0mSET client_min_messages TO 'notice'[0m


Processing ComputersController#index (for 127.0.0.1 at 2010-03-25 22:49:57) [GET]
  [4;36;1mUser Load (0.5ms)[0m   [0;1mSELECT * FROM "users" WHERE ("users"."id" = 1) LIMIT 1[0m
  [4;35;1mComputer Load (0.4ms)[0m   [0mSELECT * FROM "computers" [0m
Rendering template within layouts/companies
Rendering computers/index
Completed in 20ms (View: 4, DB: 3) | 200 OK [http://localhost/computers]
  [4;36;1mSQL (1.6ms)[0m   [0;1mSET client_min_messages TO 'panic'[0m
  [4;35;1mSQL (0.0ms)[0m   [0mSET client_min_messages TO 'notice'[0m


Processing ComputersController#new (for 127.0.0.1 at 2010-03-25 22:50:03) [GET]
  [4;36;1mUser Load (1.3ms)[0m   [0;1mSELECT * FROM "users" WHERE ("users"."id" = 1) LIMIT 1[0m
Rendering template within layouts/companies
Rendering computers/new
Completed in 211ms (View: 194, DB: 5) | 200 OK [http://localhost/computers/new]
  [4;35;1mSQL (0.1ms)[0m   [0mSET client_min_messages TO 'panic'[0m
  [4;36;1mSQL (0.1ms)[0m   [0;1mSET client_min_messages TO 'notice'[0m


Processing ComputersController#create (for 127.0.0.1 at 2010-03-25 22:51:01) [POST]
  Parameters: {"commit"=>"Create", "authenticity_token"=>"yCNUHoR5PcWJrTEu7NNaIVABIFdz4PLJBRfokb+tTBI=", "computer"=>{"purchase_date(2i)"=>"2", "serial_number"=>"", "model"=>"", "purchase_date(3i)"=>"26", "comments"=>"", "os"=>"Linux", "optical"=>"DVD R/W", "type"=>"Desktop", "manufacturer"=>"Lenovo", "hdd"=>"160GB", "ram"=>"2GB", "cpu"=>"", "description"=>"", "service_tag"=>"", "purchase_date(1i)"=>"2010"}}
  [4;35;1mUser Load (0.3ms)[0m   [0mSELECT * FROM "users" WHERE ("users"."id" = 1) LIMIT 1[0m
WARNING: Can't mass-assign these protected attributes: type
  [4;36;1mSQL (0.1ms)[0m   [0;1mBEGIN[0m
  [4;35;1mSQL (0.0ms)[0m   [0mPGError: ERROR: null value in column "type" violates not-null constraint
: INSERT INTO "computers" ("model", "serial_number", "created_at", "comments", "updated_at", "optical", "os", "purchase_date", "manufacturer", "type", "description", "cpu", "ram", "hdd", "service_tag") VALUES(E'', E'', '2010-03-26 02:51:01.930245', E'', '2010-03-26 02:51:01.930245', E'DVD R/W', E'Linux', '2010-02-26', E'Lenovo', NULL, E'', E'', E'2GB', E'160GB', E'') RETURNING "id"[0m
  [4;36;1mSQL (0.0ms)[0m   [0;1mROLLBACK[0m

ActiveRecord::StatementInvalid (PGError: ERROR:  null value in column "type" violates not-null constraint
: INSERT INTO "computers" ("model", "serial_number", "created_at", "comments", "updated_at", "optical", "os", "purchase_date", "manufacturer", "type", "description", "cpu", "ram", "hdd", "service_tag") VALUES(E'', E'', '2010-03-26 02:51:01.930245', E'', '2010-03-26 02:51:01.930245', E'DVD R/W', E'Linux', '2010-02-26', E'Lenovo', NULL, E'', E'', E'2GB', E'160GB', E'') RETURNING "id"):
  app/controllers/computers_controller.rb:46:in `create'
  app/controllers/computers_controller.rb:45:in `create'
  /usr/lib/ruby/1.8/webrick/httpserver.rb:104:in `service'
  /usr/lib/ruby/1.8/webrick/httpserver.rb:65:in `run'
  /usr/lib/ruby/1.8/webrick/server.rb:173:in `start_thread'
  /usr/lib/ruby/1.8/webrick/server.rb:162:in `start'
  /usr/lib/ruby/1.8/webrick/server.rb:162:in `start_thread'
  /usr/lib/ruby/1.8/webrick/server.rb:95:in `start'
  /usr/lib/ruby/1.8/webrick/server.rb:92:in `each'
  /usr/lib/ruby/1.8/webrick/server.rb:92:in `start'
  /usr/lib/ruby/1.8/webrick/server.rb:23:in `start'
  /usr/lib/ruby/1.8/webrick/server.rb:82:in `start'

Rendered rescues/_trace (43.3ms)
Rendered rescues/_request_and_response (0.5ms)
Rendering rescues/layout (internal_server_error)
  [4;35;1mSQL (0.1ms)[0m   [0mSET client_min_messages TO 'panic'[0m
  [4;36;1mSQL (0.1ms)[0m   [0;1mSET client_min_messages TO 'notice'[0m


Processing ComputersController#create (for 127.0.0.1 at 2010-03-25 22:51:43) [POST]
  Parameters: {"commit"=>"Create", "authenticity_token"=>"yCNUHoR5PcWJrTEu7NNaIVABIFdz4PLJBRfokb+tTBI=", "computer"=>{"purchase_date(2i)"=>"2", "serial_number"=>"", "model"=>"", "purchase_date(3i)"=>"26", "comments"=>"", "os"=>"Linux", "optical"=>"DVD R/W", "type"=>"Desktop", "manufacturer"=>"Lenovo", "hdd"=>"160GB", "ram"=>"2GB", "cpu"=>"", "description"=>"", "service_tag"=>"", "purchase_date(1i)"=>"2010"}}
  [4;35;1mUser Load (0.4ms)[0m   [0mSELECT * FROM "users" WHERE ("users"."id" = 1) LIMIT 1[0m
WARNING: Can't mass-assign these protected attributes: type
  [4;36;1mSQL (0.1ms)[0m   [0;1mBEGIN[0m
  [4;35;1mSQL (0.0ms)[0m   [0mPGError: ERROR: null value in column "type" violates not-null constraint
: INSERT INTO "computers" ("model", "serial_number", "created_at", "comments", "updated_at", "optical", "os", "purchase_date", "manufacturer", "type", "description", "cpu", "ram", "hdd", "service_tag") VALUES(E'', E'', '2010-03-26 02:51:43.042396', E'', '2010-03-26 02:51:43.042396', E'DVD R/W', E'Linux', '2010-02-26', E'Lenovo', NULL, E'', E'', E'2GB', E'160GB', E'') RETURNING "id"[0m
  [4;36;1mSQL (0.0ms)[0m   [0;1mROLLBACK[0m

ActiveRecord::StatementInvalid (PGError: ERROR:  null value in column "type" violates not-null constraint
: INSERT INTO "computers" ("model", "serial_number", "created_at", "comments", "updated_at", "optical", "os", "purchase_date", "manufacturer", "type", "description", "cpu", "ram", "hdd", "service_tag") VALUES(E'', E'', '2010-03-26 02:51:43.042396', E'', '2010-03-26 02:51:43.042396', E'DVD R/W', E'Linux', '2010-02-26', E'Lenovo', NULL, E'', E'', E'2GB', E'160GB', E'') RETURNING "id"):
  app/controllers/computers_controller.rb:46:in `create'
  app/controllers/computers_controller.rb:45:in `create'
  /usr/lib/ruby/1.8/webrick/httpserver.rb:104:in `service'
  /usr/lib/ruby/1.8/webrick/httpserver.rb:65:in `run'
  /usr/lib/ruby/1.8/webrick/server.rb:173:in `start_thread'
  /usr/lib/ruby/1.8/webrick/server.rb:162:in `start'
  /usr/lib/ruby/1.8/webrick/server.rb:162:in `start_thread'
  /usr/lib/ruby/1.8/webrick/server.rb:95:in `start'
  /usr/lib/ruby/1.8/webrick/server.rb:92:in `each'
  /usr/lib/ruby/1.8/webrick/server.rb:92:in `start'
  /usr/lib/ruby/1.8/webrick/server.rb:23:in `start'
  /usr/lib/ruby/1.8/webrick/server.rb:82:in `start'

Rendered rescues/_trace (90.6ms)
Rendered rescues/_request_and_response (0.6ms)
Rendering rescues/layout (internal_server_error)
  [4;35;1mSQL (0.1ms)[0m   [0mSET client_min_messages TO 'panic'[0m
  [4;36;1mSQL (0.1ms)[0m   [0;1mSET client_min_messages TO 'notice'[0m


Processing ComputersController#create (for 127.0.0.1 at 2010-03-25 22:55:59) [POST]
  Parameters: {"commit"=>"Create", "authenticity_token"=>"yCNUHoR5PcWJrTEu7NNaIVABIFdz4PLJBRfokb+tTBI=", "computer"=>{"purchase_date(2i)"=>"2", "serial_number"=>"", "model"=>"", "purchase_date(3i)"=>"26", "comments"=>"", "os"=>"Linux", "optical"=>"DVD R/W", "type"=>"Desktop", "manufacturer"=>"Lenovo", "hdd"=>"160GB", "ram"=>"2GB", "cpu"=>"", "description"=>"", "service_tag"=>"", "purchase_date(1i)"=>"2010"}}
  [4;35;1mUser Load (0.4ms)[0m   [0mSELECT * FROM "users" WHERE ("users"."id" = 1) LIMIT 1[0m
WARNING: Can't mass-assign these protected attributes: type
--- !map:HashWithIndifferentAccess 
model: ""
serial_number: ""
purchase_date(2i): "2"
purchase_date(3i): "26"
comments: ""
optical: DVD R/W
os: Linux
manufacturer: Lenovo
type: Desktop
description: ""
cpu: ""
ram: 2GB
hdd: 160GB
service_tag: ""
purchase_date(1i): "2010"
  [4;36;1mSQL (0.1ms)[0m   [0;1mBEGIN[0m
  [4;35;1mSQL (0.0ms)[0m   [0mPGError: ERROR: null value in column "type" violates not-null constraint
: INSERT INTO "computers" ("model", "serial_number", "created_at", "comments", "updated_at", "optical", "os", "purchase_date", "manufacturer", "type", "description", "cpu", "ram", "hdd", "service_tag") VALUES(E'', E'', '2010-03-26 02:55:59.527087', E'', '2010-03-26 02:55:59.527087', E'DVD R/W', E'Linux', '2010-02-26', E'Lenovo', NULL, E'', E'', E'2GB', E'160GB', E'') RETURNING "id"[0m
  [4;36;1mSQL (0.1ms)[0m   [0;1mROLLBACK[0m

ActiveRecord::StatementInvalid (PGError: ERROR:  null value in column "type" violates not-null constraint
: INSERT INTO "computers" ("model", "serial_number", "created_at", "comments", "updated_at", "optical", "os", "purchase_date", "manufacturer", "type", "description", "cpu", "ram", "hdd", "service_tag") VALUES(E'', E'', '2010-03-26 02:55:59.527087', E'', '2010-03-26 02:55:59.527087', E'DVD R/W', E'Linux', '2010-02-26', E'Lenovo', NULL, E'', E'', E'2GB', E'160GB', E'') RETURNING "id"):
  app/controllers/computers_controller.rb:47:in `create'
  app/controllers/computers_controller.rb:46:in `create'
  /usr/lib/ruby/1.8/webrick/httpserver.rb:104:in `service'
  /usr/lib/ruby/1.8/webrick/httpserver.rb:65:in `run'
  /usr/lib/ruby/1.8/webrick/server.rb:173:in `start_thread'
  /usr/lib/ruby/1.8/webrick/server.rb:162:in `start'
  /usr/lib/ruby/1.8/webrick/server.rb:162:in `start_thread'
  /usr/lib/ruby/1.8/webrick/server.rb:95:in `start'
  /usr/lib/ruby/1.8/webrick/server.rb:92:in `each'
  /usr/lib/ruby/1.8/webrick/server.rb:92:in `start'
  /usr/lib/ruby/1.8/webrick/server.rb:23:in `start'
  /usr/lib/ruby/1.8/webrick/server.rb:82:in `start'

Rendered rescues/_trace (43.5ms)
Rendered rescues/_request_and_response (0.5ms)
Rendering rescues/layout (internal_server_error)
  [4;35;1mSQL (0.1ms)[0m   [0mSET client_min_messages TO 'panic'[0m
  [4;36;1mSQL (0.1ms)[0m   [0;1mSET client_min_messages TO 'notice'[0m


Processing ComputersController#create (for 127.0.0.1 at 2010-03-25 22:56:36) [POST]
  Parameters: {"commit"=>"Create", "authenticity_token"=>"yCNUHoR5PcWJrTEu7NNaIVABIFdz4PLJBRfokb+tTBI=", "computer"=>{"purchase_date(2i)"=>"2", "serial_number"=>"", "model"=>"", "purchase_date(3i)"=>"26", "comments"=>"", "os"=>"Linux", "optical"=>"DVD R/W", "type"=>"Desktop", "manufacturer"=>"Lenovo", "hdd"=>"160GB", "ram"=>"2GB", "cpu"=>"", "description"=>"", "service_tag"=>"", "purchase_date(1i)"=>"2010"}}
  [4;35;1mUser Load (0.3ms)[0m   [0mSELECT * FROM "users" WHERE ("users"."id" = 1) LIMIT 1[0m
WARNING: Can't mass-assign these protected attributes: type
--- !map:HashWithIndifferentAccess 
model: ""
serial_number: ""
purchase_date(2i): "2"
purchase_date(3i): "26"
comments: ""
optical: DVD R/W
os: Linux
manufacturer: Lenovo
type: Desktop
description: ""
cpu: ""
ram: 2GB
hdd: 160GB
service_tag: ""
purchase_date(1i): "2010"
  [4;36;1mSQL (0.1ms)[0m   [0;1mBEGIN[0m
  [4;35;1mSQL (0.0ms)[0m   [0mPGError: ERROR: null value in column "type" violates not-null constraint
: INSERT INTO "computers" ("model", "serial_number", "created_at", "comments", "updated_at", "optical", "os", "purchase_date", "manufacturer", "type", "description", "cpu", "ram", "hdd", "service_tag") VALUES(E'', E'', '2010-03-26 02:56:36.229893', E'', '2010-03-26 02:56:36.229893', E'DVD R/W', E'Linux', '2010-02-26', E'Lenovo', NULL, E'', E'', E'2GB', E'160GB', E'') RETURNING "id"[0m
  [4;36;1mSQL (0.1ms)[0m   [0;1mROLLBACK[0m

ActiveRecord::StatementInvalid (PGError: ERROR:  null value in column "type" violates not-null constraint
: INSERT INTO "computers" ("model", "serial_number", "created_at", "comments", "updated_at", "optical", "os", "purchase_date", "manufacturer", "type", "description", "cpu", "ram", "hdd", "service_tag") VALUES(E'', E'', '2010-03-26 02:56:36.229893', E'', '2010-03-26 02:56:36.229893', E'DVD R/W', E'Linux', '2010-02-26', E'Lenovo', NULL, E'', E'', E'2GB', E'160GB', E'') RETURNING "id"):
  app/controllers/computers_controller.rb:47:in `create'
  app/controllers/computers_controller.rb:46:in `create'
  /usr/lib/ruby/1.8/webrick/httpserver.rb:104:in `service'
  /usr/lib/ruby/1.8/webrick/httpserver.rb:65:in `run'
  /usr/lib/ruby/1.8/webrick/server.rb:173:in `start_thread'
  /usr/lib/ruby/1.8/webrick/server.rb:162:in `start'
  /usr/lib/ruby/1.8/webrick/server.rb:162:in `start_thread'
  /usr/lib/ruby/1.8/webrick/server.rb:95:in `start'
  /usr/lib/ruby/1.8/webrick/server.rb:92:in `each'
  /usr/lib/ruby/1.8/webrick/server.rb:92:in `start'
  /usr/lib/ruby/1.8/webrick/server.rb:23:in `start'
  /usr/lib/ruby/1.8/webrick/server.rb:82:in `start'

Rendered rescues/_trace (89.8ms)
Rendered rescues/_request_and_response (0.6ms)
Rendering rescues/layout (internal_server_error)
  [4;36;1mSQL (0.1ms)[0m   [0;1mSET client_min_messages TO 'panic'[0m
  [4;35;1mSQL (0.1ms)[0m   [0mSET client_min_messages TO 'notice'[0m
  [4;36;1mSQL (0.4ms)[0m   [0;1mSELECT version FROM schema_migrations[0m
Migrating to CreateCompanies (20100303021950)
Migrating to AddTestData (20100303024542)
Migrating to CreateSessions (20100310024205)
Migrating to CreateUsers (20100311022224)
Migrating to CreateSites (20100317021114)
Migrating to AddAdminToUser (20100318023039)
Migrating to CreateOffices (20100319020156)
Migrating to CreateComputers (20100326022311)
Migrating to ChangeTypeColumn (20100326025909)
  [4;35;1mSQL (0.1ms)[0m   [0mBEGIN[0m
  [4;36;1mSQL (0.0ms)[0m   [0;1mPGError: ERROR: column "type" does not exist
: ALTER TABLE "companies" RENAME COLUMN "type" TO "form_type"[0m
  [4;35;1mSQL (0.1ms)[0m   [0mROLLBACK[0m
  [4;36;1mSQL (0.1ms)[0m   [0;1mSET client_min_messages TO 'panic'[0m
  [4;35;1mSQL (0.1ms)[0m   [0mSET client_min_messages TO 'notice'[0m
  [4;36;1mSQL (0.2ms)[0m   [0;1mSELECT version FROM schema_migrations[0m
Migrating to CreateCompanies (20100303021950)
Migrating to AddTestData (20100303024542)
Migrating to CreateSessions (20100310024205)
Migrating to CreateUsers (20100311022224)
Migrating to CreateSites (20100317021114)
Migrating to AddAdminToUser (20100318023039)
Migrating to CreateOffices (20100319020156)
Migrating to CreateComputers (20100326022311)
Migrating to ChangeTypeColumn (20100326025909)
  [4;35;1mSQL (0.1ms)[0m   [0mBEGIN[0m
  [4;36;1mSQL (0.8ms)[0m   [0;1mALTER TABLE "computers" RENAME COLUMN "type" TO "form_type"[0m
  [4;35;1mSQL (0.2ms)[0m   [0mINSERT INTO schema_migrations (version) VALUES ('20100326025909')[0m
  [4;36;1mSQL (6.3ms)[0m   [0;1mCOMMIT[0m
  [4;35;1mSQL (0.2ms)[0m   [0mSELECT version FROM schema_migrations[0m
  [4;35;1mSQL (0.1ms)[0m   [0mSET client_min_messages TO 'panic'[0m
  [4;36;1mSQL (0.1ms)[0m   [0;1mSET client_min_messages TO 'notice'[0m


Processing ComputersController#create (for 127.0.0.1 at 2010-03-25 23:09:38) [POST]
  Parameters: {"commit"=>"Create", "authenticity_token"=>"yCNUHoR5PcWJrTEu7NNaIVABIFdz4PLJBRfokb+tTBI=", "computer"=>{"purchase_date(2i)"=>"1", "serial_number"=>"", "model"=>"", "purchase_date(3i)"=>"26", "comments"=>"", "os"=>"Linux", "optical"=>"DVD R/W", "type"=>"Desktop", "manufacturer"=>"Lenovo", "hdd"=>"160GB", "ram"=>"2GB", "cpu"=>"", "description"=>"", "service_tag"=>"", "purchase_date(1i)"=>"2010"}}
  [4;35;1mUser Load (0.3ms)[0m   [0mSELECT * FROM "users" WHERE ("users"."id" = 1) LIMIT 1[0m
WARNING: Can't mass-assign these protected attributes: type
--- !map:HashWithIndifferentAccess 
model: ""
serial_number: ""
purchase_date(2i): "1"
purchase_date(3i): "26"
comments: ""
optical: DVD R/W
os: Linux
manufacturer: Lenovo
type: Desktop
description: ""
cpu: ""
ram: 2GB
hdd: 160GB
service_tag: ""
purchase_date(1i): "2010"
  [4;36;1mSQL (0.1ms)[0m   [0;1mBEGIN[0m
  [4;35;1mSQL (0.0ms)[0m   [0mPGError: ERROR: null value in column "form_type" violates not-null constraint
: INSERT INTO "computers" ("model", "serial_number", "created_at", "comments", "updated_at", "optical", "os", "purchase_date", "manufacturer", "description", "cpu", "ram", "hdd", "service_tag", "form_type") VALUES(E'', E'', '2010-03-26 03:09:38.141134', E'', '2010-03-26 03:09:38.141134', E'DVD R/W', E'Linux', '2010-01-26', E'Lenovo', E'', E'', E'2GB', E'160GB', E'', NULL) RETURNING "id"[0m
  [4;36;1mSQL (0.1ms)[0m   [0;1mROLLBACK[0m

ActiveRecord::StatementInvalid (PGError: ERROR:  null value in column "form_type" violates not-null constraint
: INSERT INTO "computers" ("model", "serial_number", "created_at", "comments", "updated_at", "optical", "os", "purchase_date", "manufacturer", "description", "cpu", "ram", "hdd", "service_tag", "form_type") VALUES(E'', E'', '2010-03-26 03:09:38.141134', E'', '2010-03-26 03:09:38.141134', E'DVD R/W', E'Linux', '2010-01-26', E'Lenovo', E'', E'', E'2GB', E'160GB', E'', NULL) RETURNING "id"):
  app/controllers/computers_controller.rb:47:in `create'
  app/controllers/computers_controller.rb:46:in `create'
  /usr/lib/ruby/1.8/webrick/httpserver.rb:104:in `service'
  /usr/lib/ruby/1.8/webrick/httpserver.rb:65:in `run'
  /usr/lib/ruby/1.8/webrick/server.rb:173:in `start_thread'
  /usr/lib/ruby/1.8/webrick/server.rb:162:in `start'
  /usr/lib/ruby/1.8/webrick/server.rb:162:in `start_thread'
  /usr/lib/ruby/1.8/webrick/server.rb:95:in `start'
  /usr/lib/ruby/1.8/webrick/server.rb:92:in `each'
  /usr/lib/ruby/1.8/webrick/server.rb:92:in `start'
  /usr/lib/ruby/1.8/webrick/server.rb:23:in `start'
  /usr/lib/ruby/1.8/webrick/server.rb:82:in `start'

Rendered rescues/_trace (42.8ms)
Rendered rescues/_request_and_response (0.6ms)
Rendering rescues/layout (internal_server_error)
  [4;35;1mSQL (0.1ms)[0m   [0mSET client_min_messages TO 'panic'[0m
  [4;36;1mSQL (0.0ms)[0m   [0;1mSET client_min_messages TO 'notice'[0m


Processing ComputersController#new (for 127.0.0.1 at 2010-03-25 23:10:32) [GET]
  [4;35;1mUser Load (0.4ms)[0m   [0mSELECT * FROM "users" WHERE ("users"."id" = 1) LIMIT 1[0m
Rendering template within layouts/companies
Rendering computers/new
Completed in 37ms (View: 21, DB: 2) | 200 OK [http://localhost/computers/new]
  [4;36;1mSQL (0.1ms)[0m   [0;1mSET client_min_messages TO 'panic'[0m
  [4;35;1mSQL (0.1ms)[0m   [0mSET client_min_messages TO 'notice'[0m


Processing ComputersController#new (for 127.0.0.1 at 2010-03-25 23:10:33) [GET]
  [4;36;1mUser Load (0.4ms)[0m   [0;1mSELECT * FROM "users" WHERE ("users"."id" = 1) LIMIT 1[0m
Rendering template within layouts/companies
Rendering computers/new
Completed in 34ms (View: 17, DB: 2) | 200 OK [http://localhost/computers/new]
  [4;35;1mSQL (0.1ms)[0m   [0mSET client_min_messages TO 'panic'[0m
  [4;36;1mSQL (0.1ms)[0m   [0;1mSET client_min_messages TO 'notice'[0m


Processing ComputersController#create (for 127.0.0.1 at 2010-03-25 23:10:49) [POST]
  Parameters: {"commit"=>"Create", "authenticity_token"=>"yCNUHoR5PcWJrTEu7NNaIVABIFdz4PLJBRfokb+tTBI=", "computer"=>{"purchase_date(2i)"=>"1", "serial_number"=>"", "model"=>"", "purchase_date(3i)"=>"26", "comments"=>"", "os"=>"Linux", "optical"=>"DVD R/W", "manufacturer"=>"Lenovo", "hdd"=>"160GB", "ram"=>"2GB", "cpu"=>"", "description"=>"", "service_tag"=>"", "purchase_date(1i)"=>"2010", "form_type"=>"Desktop"}}
  [4;35;1mUser Load (0.3ms)[0m   [0mSELECT * FROM "users" WHERE ("users"."id" = 1) LIMIT 1[0m
--- !map:HashWithIndifferentAccess 
model: ""
serial_number: ""
purchase_date(2i): "1"
purchase_date(3i): "26"
comments: ""
optical: DVD R/W
os: Linux
manufacturer: Lenovo
description: ""
cpu: ""
ram: 2GB
hdd: 160GB
service_tag: ""
form_type: Desktop
purchase_date(1i): "2010"
  [4;36;1mSQL (0.1ms)[0m   [0;1mBEGIN[0m
  [4;35;1mSQL (0.6ms)[0m   [0mINSERT INTO "computers" ("model", "serial_number", "created_at", "comments", "updated_at", "optical", "os", "purchase_date", "manufacturer", "description", "cpu", "ram", "hdd", "service_tag", "form_type") VALUES(E'', E'', '2010-03-26 03:10:49.199027', E'', '2010-03-26 03:10:49.199027', E'DVD R/W', E'Linux', '2010-01-26', E'Lenovo', E'', E'', E'2GB', E'160GB', E'', E'Desktop') RETURNING "id"[0m
  [4;36;1mSQL (5.7ms)[0m   [0;1mCOMMIT[0m
Redirected to http://localhost:3000/computers/6
Completed in 34ms (DB: 9) | 302 Found [http://localhost/computers]
  [4;35;1mSQL (0.1ms)[0m   [0mSET client_min_messages TO 'panic'[0m
  [4;36;1mSQL (0.1ms)[0m   [0;1mSET client_min_messages TO 'notice'[0m


Processing ComputersController#show (for 127.0.0.1 at 2010-03-25 23:10:49) [GET]
  Parameters: {"id"=>"6"}
  [4;35;1mUser Load (0.3ms)[0m   [0mSELECT * FROM "users" WHERE ("users"."id" = 1) LIMIT 1[0m
  [4;36;1mComputer Load (0.4ms)[0m   [0;1mSELECT * FROM "computers" WHERE ("computers"."id" = 6) [0m
Rendering template within layouts/companies
Rendering computers/show
Completed in 26ms (View: 9, DB: 3) | 200 OK [http://localhost/computers/6]
